<?xml version="1.0" encoding="UTF-8"?>
<!-- Generated by org.testng.reporters.JUnitReportReporter -->
<testsuite hostname="PC" name="runners.TestRunner" tests="1" failures="0" timestamp="24 Aug 2020 14:44:17 GMT" time="10.306" errors="0">
  <testcase name="feature" time="10.306" classname="runners.TestRunner"/>
</testsuite> <!-- runners.TestRunner -->
